<?xml version="1.0" encoding="UTF-8"?>
<!-- Generated by org.testng.reporters.JUnitReportReporter -->
<testsuite hostname="DESKTOP-RQA8NQN" failures="0" tests="3" name="tests.ChekoutTC2" time="0.000" errors="0" timestamp="22 May 2023 18:53:20 GMT" skipped="3">
  <testcase classname="tests.ChekoutTC2" name="Login" time="0.000">
    <skipped/>
  </testcase> <!-- Login -->
  <testcase classname="tests.ChekoutTC2" name="addToCart" time="0.000">
    <skipped/>
  </testcase> <!-- addToCart -->
  <testcase classname="tests.ChekoutTC2" name="Checkout" time="0.000">
    <skipped/>
  </testcase> <!-- Checkout -->
</testsuite> <!-- tests.ChekoutTC2 -->
